<?xml version="1.0" encoding="UTF-8"?>
<!-- Generated by org.testng.reporters.JUnitReportReporter -->
<testsuite hostname="iMac-de-Felipe.local" failures="0" tests="3" name="com.automation.andres.leon.tests.TestCarnival" time="58.175" errors="0" timestamp="2021-04-09T05:27:38 COT" skipped="0">
  <testcase classname="com.automation.andres.leon.tests.TestCarnival" name="searchCruises" time="10.655"/>
  <system-out/>
  <testcase classname="com.automation.andres.leon.tests.TestCarnival" name="filterSearchResult" time="31.280"/>
  <system-out/>
  <testcase classname="com.automation.andres.leon.tests.TestCarnival" name="viewTripDetails" time="16.240"/>
  <system-out/>
</testsuite> <!-- com.automation.andres.leon.tests.TestCarnival -->
